datetime::2021-06-10 16:41:28.856::process_id::7248::process_name::MainProcess::thread_id::18304::thread_name::MainThread::mod_name::salie.database::qual_name::Database.create_connection::method_name::create_connection::file::C:\Users\larsv\SynologyDrive\Repos\salie-backup\salie\database.py
datetime::2021-06-10 16:41:28.860::process_id::7248::process_name::MainProcess::thread_id::18304::thread_name::MainThread::mod_name::salie.database::qual_name::Database.create_tables::method_name::create_tables::file::C:\Users\larsv\SynologyDrive\Repos\salie-backup\salie\database.py
datetime::2021-06-10 16:41:28.860::process_id::7248::process_name::MainProcess::thread_id::18304::thread_name::MainThread::mod_name::salie.database::qual_name::Database.__init__::method_name::__init__::file::C:\Users\larsv\SynologyDrive\Repos\salie-backup\salie\database.py
datetime::2021-06-10 16:41:28.876::process_id::7248::process_name::MainProcess::thread_id::18304::thread_name::MainThread::mod_name::salie.util::qual_name::print_main_menu::func_name::print_main_menu::file::C:\Users\larsv\SynologyDrive\Repos\salie-backup\salie\util.py
datetime::2021-06-10 16:42:30.973::process_id::7248::process_name::MainProcess::thread_id::18304::thread_name::MainThread::mod_name::salie.util::qual_name::print_customers_menu::func_name::print_customers_menu::file::C:\Users\larsv\SynologyDrive\Repos\salie-backup\salie\util.py
datetime::2021-06-10 16:43:04.401::process_id::7248::process_name::MainProcess::thread_id::18304::thread_name::MainThread::mod_name::salie.customer::qual_name::Customer.create_customer::method_name::create_customer::file::C:\Users\larsv\SynologyDrive\Repos\salie-backup\salie\customer.py
datetime::2021-06-10 16:43:04.401::process_id::7248::process_name::MainProcess::thread_id::18304::thread_name::MainThread::mod_name::salie.customer::qual_name::Customer.__init__::method_name::__init__::file::C:\Users\larsv\SynologyDrive\Repos\salie-backup\salie\customer.py
datetime::2021-06-10 16:43:04.413::process_id::7248::process_name::MainProcess::thread_id::18304::thread_name::MainThread::mod_name::salie.util::qual_name::print_customers_menu::func_name::print_customers_menu::file::C:\Users\larsv\SynologyDrive\Repos\salie-backup\salie\util.py
datetime::2021-06-10 16:43:37.201::process_id::7248::process_name::MainProcess::thread_id::18304::thread_name::MainThread::mod_name::salie.customer::qual_name::Customer.create_customer::method_name::create_customer::file::C:\Users\larsv\SynologyDrive\Repos\salie-backup\salie\customer.py
datetime::2021-06-10 16:43:37.202::process_id::7248::process_name::MainProcess::thread_id::18304::thread_name::MainThread::mod_name::salie.customer::qual_name::Customer.__init__::method_name::__init__::file::C:\Users\larsv\SynologyDrive\Repos\salie-backup\salie\customer.py
datetime::2021-06-10 16:43:37.212::process_id::7248::process_name::MainProcess::thread_id::18304::thread_name::MainThread::mod_name::salie.util::qual_name::print_customers_menu::func_name::print_customers_menu::file::C:\Users\larsv\SynologyDrive\Repos\salie-backup\salie\util.py
datetime::2021-06-10 16:43:50.376::process_id::7248::process_name::MainProcess::thread_id::18304::thread_name::MainThread::mod_name::salie.customer::qual_name::Customer.view_customers::func_name::view_customers::file::C:\Users\larsv\SynologyDrive\Repos\salie-backup\salie\customer.py
datetime::2021-06-10 16:43:50.381::process_id::7248::process_name::MainProcess::thread_id::18304::thread_name::MainThread::mod_name::salie.util::qual_name::print_customers_menu::func_name::print_customers_menu::file::C:\Users\larsv\SynologyDrive\Repos\salie-backup\salie\util.py
datetime::2021-06-10 16:44:54.700::process_id::7248::process_name::MainProcess::thread_id::18304::thread_name::MainThread::mod_name::salie.customer::qual_name::Customer.delete_customer::func_name::delete_customer::file::C:\Users\larsv\SynologyDrive\Repos\salie-backup\salie\customer.py
datetime::2021-06-10 16:44:54.713::process_id::7248::process_name::MainProcess::thread_id::18304::thread_name::MainThread::mod_name::salie.util::qual_name::print_customers_menu::func_name::print_customers_menu::file::C:\Users\larsv\SynologyDrive\Repos\salie-backup\salie\util.py
datetime::2021-06-10 16:44:59.542::process_id::7248::process_name::MainProcess::thread_id::18304::thread_name::MainThread::mod_name::salie.customer::qual_name::Customer.view_customers::func_name::view_customers::file::C:\Users\larsv\SynologyDrive\Repos\salie-backup\salie\customer.py
datetime::2021-06-10 16:44:59.546::process_id::7248::process_name::MainProcess::thread_id::18304::thread_name::MainThread::mod_name::salie.util::qual_name::print_customers_menu::func_name::print_customers_menu::file::C:\Users\larsv\SynologyDrive\Repos\salie-backup\salie\util.py
datetime::2021-06-10 16:45:25.128::process_id::7248::process_name::MainProcess::thread_id::18304::thread_name::MainThread::mod_name::salie.util::qual_name::print_main_menu::func_name::print_main_menu::file::C:\Users\larsv\SynologyDrive\Repos\salie-backup\salie\util.py
datetime::2021-06-10 16:45:39.952::process_id::7248::process_name::MainProcess::thread_id::18304::thread_name::MainThread::mod_name::salie.util::qual_name::print_products_menu::func_name::print_products_menu::file::C:\Users\larsv\SynologyDrive\Repos\salie-backup\salie\util.py
datetime::2021-06-10 16:46:19.729::process_id::7248::process_name::MainProcess::thread_id::18304::thread_name::MainThread::mod_name::salie.product::qual_name::Product.create_product::method_name::create_product::file::C:\Users\larsv\SynologyDrive\Repos\salie-backup\salie\product.py
datetime::2021-06-10 16:46:19.730::process_id::7248::process_name::MainProcess::thread_id::18304::thread_name::MainThread::mod_name::salie.product::qual_name::Product.__init__::method_name::__init__::file::C:\Users\larsv\SynologyDrive\Repos\salie-backup\salie\product.py
datetime::2021-06-10 16:46:19.735::process_id::7248::process_name::MainProcess::thread_id::18304::thread_name::MainThread::mod_name::salie.util::qual_name::print_products_menu::func_name::print_products_menu::file::C:\Users\larsv\SynologyDrive\Repos\salie-backup\salie\util.py
datetime::2021-06-10 16:46:41.958::process_id::7248::process_name::MainProcess::thread_id::18304::thread_name::MainThread::mod_name::salie.product::qual_name::Product.create_product::method_name::create_product::file::C:\Users\larsv\SynologyDrive\Repos\salie-backup\salie\product.py
datetime::2021-06-10 16:46:41.958::process_id::7248::process_name::MainProcess::thread_id::18304::thread_name::MainThread::mod_name::salie.product::qual_name::Product.__init__::method_name::__init__::file::C:\Users\larsv\SynologyDrive\Repos\salie-backup\salie\product.py
datetime::2021-06-10 16:46:41.964::process_id::7248::process_name::MainProcess::thread_id::18304::thread_name::MainThread::mod_name::salie.util::qual_name::print_products_menu::func_name::print_products_menu::file::C:\Users\larsv\SynologyDrive\Repos\salie-backup\salie\util.py
datetime::2021-06-10 16:46:45.596::process_id::7248::process_name::MainProcess::thread_id::18304::thread_name::MainThread::mod_name::salie.product::qual_name::Product.view_products::func_name::view_products::file::C:\Users\larsv\SynologyDrive\Repos\salie-backup\salie\product.py
datetime::2021-06-10 16:46:45.599::process_id::7248::process_name::MainProcess::thread_id::18304::thread_name::MainThread::mod_name::salie.util::qual_name::print_products_menu::func_name::print_products_menu::file::C:\Users\larsv\SynologyDrive\Repos\salie-backup\salie\util.py
datetime::2021-06-10 16:47:34.394::process_id::7248::process_name::MainProcess::thread_id::18304::thread_name::MainThread::mod_name::salie.product::qual_name::Product.create_product::method_name::create_product::file::C:\Users\larsv\SynologyDrive\Repos\salie-backup\salie\product.py
datetime::2021-06-10 16:47:34.395::process_id::7248::process_name::MainProcess::thread_id::18304::thread_name::MainThread::mod_name::salie.product::qual_name::Product.__init__::method_name::__init__::file::C:\Users\larsv\SynologyDrive\Repos\salie-backup\salie\product.py
datetime::2021-06-10 16:47:34.401::process_id::7248::process_name::MainProcess::thread_id::18304::thread_name::MainThread::mod_name::salie.util::qual_name::print_products_menu::func_name::print_products_menu::file::C:\Users\larsv\SynologyDrive\Repos\salie-backup\salie\util.py
datetime::2021-06-10 16:47:43.194::process_id::7248::process_name::MainProcess::thread_id::18304::thread_name::MainThread::mod_name::salie.product::qual_name::Product.delete_product::func_name::delete_product::file::C:\Users\larsv\SynologyDrive\Repos\salie-backup\salie\product.py
datetime::2021-06-10 16:47:43.205::process_id::7248::process_name::MainProcess::thread_id::18304::thread_name::MainThread::mod_name::salie.util::qual_name::print_products_menu::func_name::print_products_menu::file::C:\Users\larsv\SynologyDrive\Repos\salie-backup\salie\util.py
datetime::2021-06-10 16:47:45.376::process_id::7248::process_name::MainProcess::thread_id::18304::thread_name::MainThread::mod_name::salie.product::qual_name::Product.view_products::func_name::view_products::file::C:\Users\larsv\SynologyDrive\Repos\salie-backup\salie\product.py
datetime::2021-06-10 16:47:45.380::process_id::7248::process_name::MainProcess::thread_id::18304::thread_name::MainThread::mod_name::salie.util::qual_name::print_products_menu::func_name::print_products_menu::file::C:\Users\larsv\SynologyDrive\Repos\salie-backup\salie\util.py
datetime::2021-06-10 16:47:52.744::process_id::7248::process_name::MainProcess::thread_id::18304::thread_name::MainThread::mod_name::salie.util::qual_name::print_main_menu::func_name::print_main_menu::file::C:\Users\larsv\SynologyDrive\Repos\salie-backup\salie\util.py
datetime::2021-06-10 16:48:13.395::process_id::7248::process_name::MainProcess::thread_id::18304::thread_name::MainThread::mod_name::salie.util::qual_name::print_orders_menu::func_name::print_orders_menu::file::C:\Users\larsv\SynologyDrive\Repos\salie-backup\salie\util.py
datetime::2021-06-10 16:48:42.915::process_id::7248::process_name::MainProcess::thread_id::18304::thread_name::MainThread::mod_name::salie.customer::qual_name::Customer.search_customer::func_name::search_customer::file::C:\Users\larsv\SynologyDrive\Repos\salie-backup\salie\customer.py
datetime::2021-06-10 16:48:42.942::process_id::7248::process_name::MainProcess::thread_id::18304::thread_name::MainThread::mod_name::salie.order::qual_name::Order.create_order::method_name::create_order::file::C:\Users\larsv\SynologyDrive\Repos\salie-backup\salie\order.py
datetime::2021-06-10 16:48:42.942::process_id::7248::process_name::MainProcess::thread_id::18304::thread_name::MainThread::mod_name::salie.order::qual_name::Order.__init__::method_name::__init__::file::C:\Users\larsv\SynologyDrive\Repos\salie-backup\salie\order.py
datetime::2021-06-10 16:48:42.950::process_id::7248::process_name::MainProcess::thread_id::18304::thread_name::MainThread::mod_name::salie.util::qual_name::print_orders_menu::func_name::print_orders_menu::file::C:\Users\larsv\SynologyDrive\Repos\salie-backup\salie\util.py
datetime::2021-06-10 16:48:52.161::process_id::7248::process_name::MainProcess::thread_id::18304::thread_name::MainThread::mod_name::salie.order::qual_name::Order.search_order::func_name::search_order::file::C:\Users\larsv\SynologyDrive\Repos\salie-backup\salie\order.py
datetime::2021-06-10 16:48:52.163::process_id::7248::process_name::MainProcess::thread_id::18304::thread_name::MainThread::mod_name::salie.product::qual_name::Product.view_products::func_name::view_products::file::C:\Users\larsv\SynologyDrive\Repos\salie-backup\salie\product.py
datetime::2021-06-10 16:49:13.139::process_id::7248::process_name::MainProcess::thread_id::18304::thread_name::MainThread::mod_name::salie.product::qual_name::Product.search_product::func_name::search_product::file::C:\Users\larsv\SynologyDrive\Repos\salie-backup\salie\product.py
datetime::2021-06-10 16:49:14.873::process_id::7248::process_name::MainProcess::thread_id::18304::thread_name::MainThread::mod_name::salie.orderdetail::qual_name::Orderdetail.create_orderdetail::method_name::create_orderdetail::file::C:\Users\larsv\SynologyDrive\Repos\salie-backup\salie\orderdetail.py
datetime::2021-06-10 16:49:14.873::process_id::7248::process_name::MainProcess::thread_id::18304::thread_name::MainThread::mod_name::salie.orderdetail::qual_name::Orderdetail.__init__::method_name::__init__::file::C:\Users\larsv\SynologyDrive\Repos\salie-backup\salie\orderdetail.py
datetime::2021-06-10 16:49:14.881::process_id::7248::process_name::MainProcess::thread_id::18304::thread_name::MainThread::mod_name::salie.util::qual_name::print_orders_menu::func_name::print_orders_menu::file::C:\Users\larsv\SynologyDrive\Repos\salie-backup\salie\util.py
datetime::2021-06-10 16:49:36.327::process_id::7248::process_name::MainProcess::thread_id::18304::thread_name::MainThread::mod_name::salie.order::qual_name::Order.search_order::func_name::search_order::file::C:\Users\larsv\SynologyDrive\Repos\salie-backup\salie\order.py
datetime::2021-06-10 16:49:36.329::process_id::7248::process_name::MainProcess::thread_id::18304::thread_name::MainThread::mod_name::salie.product::qual_name::Product.view_products::func_name::view_products::file::C:\Users\larsv\SynologyDrive\Repos\salie-backup\salie\product.py
datetime::2021-06-10 16:49:38.910::process_id::7248::process_name::MainProcess::thread_id::18304::thread_name::MainThread::mod_name::salie.product::qual_name::Product.search_product::func_name::search_product::file::C:\Users\larsv\SynologyDrive\Repos\salie-backup\salie\product.py
datetime::2021-06-10 16:49:40.078::process_id::7248::process_name::MainProcess::thread_id::18304::thread_name::MainThread::mod_name::salie.orderdetail::qual_name::Orderdetail.create_orderdetail::method_name::create_orderdetail::file::C:\Users\larsv\SynologyDrive\Repos\salie-backup\salie\orderdetail.py
datetime::2021-06-10 16:49:40.078::process_id::7248::process_name::MainProcess::thread_id::18304::thread_name::MainThread::mod_name::salie.orderdetail::qual_name::Orderdetail.__init__::method_name::__init__::file::C:\Users\larsv\SynologyDrive\Repos\salie-backup\salie\orderdetail.py
datetime::2021-06-10 16:49:40.089::process_id::7248::process_name::MainProcess::thread_id::18304::thread_name::MainThread::mod_name::salie.util::qual_name::print_orders_menu::func_name::print_orders_menu::file::C:\Users\larsv\SynologyDrive\Repos\salie-backup\salie\util.py
datetime::2021-06-10 16:49:42.345::process_id::7248::process_name::MainProcess::thread_id::18304::thread_name::MainThread::mod_name::salie.order::qual_name::Order.view_orders::func_name::view_orders::file::C:\Users\larsv\SynologyDrive\Repos\salie-backup\salie\order.py
datetime::2021-06-10 16:49:42.349::process_id::7248::process_name::MainProcess::thread_id::18304::thread_name::MainThread::mod_name::salie.util::qual_name::print_orders_menu::func_name::print_orders_menu::file::C:\Users\larsv\SynologyDrive\Repos\salie-backup\salie\util.py
datetime::2021-06-10 16:49:54.464::process_id::7248::process_name::MainProcess::thread_id::18304::thread_name::MainThread::mod_name::salie.order::qual_name::Order.search_order::func_name::search_order::file::C:\Users\larsv\SynologyDrive\Repos\salie-backup\salie\order.py
datetime::2021-06-10 16:49:54.469::process_id::7248::process_name::MainProcess::thread_id::18304::thread_name::MainThread::mod_name::salie.orderdetail::qual_name::Orderdetail.view_orderdetails::func_name::view_orderdetails::file::C:\Users\larsv\SynologyDrive\Repos\salie-backup\salie\orderdetail.py
datetime::2021-06-10 16:49:54.475::process_id::7248::process_name::MainProcess::thread_id::18304::thread_name::MainThread::mod_name::salie.util::qual_name::print_orders_menu::func_name::print_orders_menu::file::C:\Users\larsv\SynologyDrive\Repos\salie-backup\salie\util.py
datetime::2021-06-10 16:50:06.496::process_id::7248::process_name::MainProcess::thread_id::18304::thread_name::MainThread::mod_name::salie.util::qual_name::print_main_menu::func_name::print_main_menu::file::C:\Users\larsv\SynologyDrive\Repos\salie-backup\salie\util.py
datetime::2021-06-10 16:50:18.996::process_id::7248::process_name::MainProcess::thread_id::18304::thread_name::MainThread::mod_name::salie.util::qual_name::print_finance_menu::func_name::print_finance_menu::file::C:\Users\larsv\SynologyDrive\Repos\salie-backup\salie\util.py
datetime::2021-06-10 16:50:22.797::process_id::7248::process_name::MainProcess::thread_id::18304::thread_name::MainThread::mod_name::salie.util::qual_name::print_finance_menu::func_name::print_finance_menu::file::C:\Users\larsv\SynologyDrive\Repos\salie-backup\salie\util.py
datetime::2021-06-10 16:50:34.707::process_id::7248::process_name::MainProcess::thread_id::18304::thread_name::MainThread::mod_name::salie.util::qual_name::print_main_menu::func_name::print_main_menu::file::C:\Users\larsv\SynologyDrive\Repos\salie-backup\salie\util.py
datetime::2021-06-10 16:50:36.261::process_id::7248::process_name::MainProcess::thread_id::18304::thread_name::MainThread::mod_name::salie.database::qual_name::Database.close_connection::method_name::close_connection::file::C:\Users\larsv\SynologyDrive\Repos\salie-backup\salie\database.py
